mode: atomic
github.com/jcarley/gorunner/handlers/other_handlers.go:10.50,12.2 1 0
github.com/jcarley/gorunner/handlers/other_handlers.go:14.56,17.49 2 0
github.com/jcarley/gorunner/handlers/other_handlers.go:24.2,28.12 5 0
github.com/jcarley/gorunner/handlers/other_handlers.go:17.49,20.3 2 0
github.com/jcarley/gorunner/handlers/other_handlers.go:20.4,20.23 1 0
github.com/jcarley/gorunner/handlers/other_handlers.go:20.23,23.3 2 0
github.com/jcarley/gorunner/handlers/run_handlers.go:12.55,18.18 4 0
github.com/jcarley/gorunner/handlers/run_handlers.go:21.2,21.18 1 0
github.com/jcarley/gorunner/handlers/run_handlers.go:25.2,26.16 2 0
github.com/jcarley/gorunner/handlers/run_handlers.go:31.2,32.16 2 0
github.com/jcarley/gorunner/handlers/run_handlers.go:37.2,38.20 2 0
github.com/jcarley/gorunner/handlers/run_handlers.go:18.18,20.3 1 0
github.com/jcarley/gorunner/handlers/run_handlers.go:21.18,23.3 1 0
github.com/jcarley/gorunner/handlers/run_handlers.go:26.16,29.3 2 0
github.com/jcarley/gorunner/handlers/run_handlers.go:32.16,35.3 2 0
github.com/jcarley/gorunner/handlers/run_handlers.go:41.53,49.16 6 0
github.com/jcarley/gorunner/handlers/run_handlers.go:53.2,56.16 3 0
github.com/jcarley/gorunner/handlers/run_handlers.go:61.2,62.35 2 0
github.com/jcarley/gorunner/handlers/run_handlers.go:70.2,71.16 2 0
github.com/jcarley/gorunner/handlers/run_handlers.go:76.2,79.24 4 0
github.com/jcarley/gorunner/handlers/run_handlers.go:49.16,52.3 2 0
github.com/jcarley/gorunner/handlers/run_handlers.go:56.16,59.3 2 0
github.com/jcarley/gorunner/handlers/run_handlers.go:62.35,64.17 2 0
github.com/jcarley/gorunner/handlers/run_handlers.go:67.3,68.27 2 0
github.com/jcarley/gorunner/handlers/run_handlers.go:64.17,66.4 1 0
github.com/jcarley/gorunner/handlers/run_handlers.go:71.16,74.3 2 0
github.com/jcarley/gorunner/handlers/run_handlers.go:82.53,87.16 4 0
github.com/jcarley/gorunner/handlers/run_handlers.go:92.2,92.17 1 0
github.com/jcarley/gorunner/handlers/run_handlers.go:87.16,90.3 2 0
github.com/jcarley/gorunner/handlers/task_handlers.go:11.40,16.2 3 1
github.com/jcarley/gorunner/handlers/task_handlers.go:18.38,23.16 4 1
github.com/jcarley/gorunner/handlers/task_handlers.go:27.2,27.29 1 1
github.com/jcarley/gorunner/handlers/task_handlers.go:23.16,26.3 2 0
github.com/jcarley/gorunner/handlers/task_handlers.go:30.38,35.16 4 1
github.com/jcarley/gorunner/handlers/task_handlers.go:40.2,40.26 1 1
github.com/jcarley/gorunner/handlers/task_handlers.go:35.16,38.3 2 0
github.com/jcarley/gorunner/handlers/task_handlers.go:43.57,48.16 4 0
github.com/jcarley/gorunner/handlers/task_handlers.go:53.2,57.20 4 0
github.com/jcarley/gorunner/handlers/task_handlers.go:48.16,51.3 2 0
github.com/jcarley/gorunner/handlers/task_handlers.go:60.57,65.16 4 0
github.com/jcarley/gorunner/handlers/task_handlers.go:70.2,70.28 1 0
github.com/jcarley/gorunner/handlers/task_handlers.go:65.16,68.3 2 0
github.com/jcarley/gorunner/handlers/task_handlers.go:73.62,78.2 4 0
github.com/jcarley/gorunner/handlers/trigger_handlers.go:11.59,16.2 3 0
github.com/jcarley/gorunner/handlers/trigger_handlers.go:18.57,26.2 5 0
github.com/jcarley/gorunner/handlers/trigger_handlers.go:28.57,33.16 4 0
github.com/jcarley/gorunner/handlers/trigger_handlers.go:38.2,38.21 1 0
github.com/jcarley/gorunner/handlers/trigger_handlers.go:33.16,36.3 2 0
github.com/jcarley/gorunner/handlers/trigger_handlers.go:41.60,46.16 4 0
github.com/jcarley/gorunner/handlers/trigger_handlers.go:51.2,57.16 6 0
github.com/jcarley/gorunner/handlers/trigger_handlers.go:46.16,49.3 2 0
github.com/jcarley/gorunner/handlers/trigger_handlers.go:57.16,59.3 1 0
github.com/jcarley/gorunner/handlers/trigger_handlers.go:62.60,68.2 3 0
github.com/jcarley/gorunner/handlers/trigger_handlers.go:70.65,75.2 4 0
github.com/jcarley/gorunner/handlers/utils.go:9.29,42.2 26 0
github.com/jcarley/gorunner/handlers/app_context.go:15.73,30.2 6 0
github.com/jcarley/gorunner/handlers/app_context.go:32.86,34.2 1 0
github.com/jcarley/gorunner/handlers/app_context.go:36.77,37.71 1 0
github.com/jcarley/gorunner/handlers/app_context.go:37.71,52.3 6 0
github.com/jcarley/gorunner/handlers/app_context.go:63.51,67.16 3 1
github.com/jcarley/gorunner/handlers/app_context.go:71.2,71.16 1 1
github.com/jcarley/gorunner/handlers/app_context.go:67.16,70.3 2 0
github.com/jcarley/gorunner/handlers/app_context.go:74.73,79.16 4 5
github.com/jcarley/gorunner/handlers/app_context.go:84.2,85.16 2 5
github.com/jcarley/gorunner/handlers/app_context.go:90.2,90.22 1 5
github.com/jcarley/gorunner/handlers/app_context.go:95.2,95.8 1 5
github.com/jcarley/gorunner/handlers/app_context.go:79.16,82.3 2 0
github.com/jcarley/gorunner/handlers/app_context.go:85.16,88.3 2 0
github.com/jcarley/gorunner/handlers/app_context.go:90.22,93.3 2 0
github.com/jcarley/gorunner/handlers/app_context.go:98.46,100.2 1 2
github.com/jcarley/gorunner/handlers/app_context.go:102.57,104.2 1 2
github.com/jcarley/gorunner/handlers/app_context.go:106.49,108.2 1 5
github.com/jcarley/gorunner/handlers/app_context.go:110.52,112.2 1 0
github.com/jcarley/gorunner/handlers/app_context.go:114.55,116.16 2 0
github.com/jcarley/gorunner/handlers/app_context.go:120.2,120.16 1 0
github.com/jcarley/gorunner/handlers/app_context.go:116.16,119.3 2 0
github.com/jcarley/gorunner/handlers/app_context.go:123.90,125.16 2 0
github.com/jcarley/gorunner/handlers/app_context.go:130.2,131.16 2 0
github.com/jcarley/gorunner/handlers/app_context.go:136.2,136.22 1 0
github.com/jcarley/gorunner/handlers/app_context.go:141.2,141.8 1 0
github.com/jcarley/gorunner/handlers/app_context.go:125.16,128.3 2 0
github.com/jcarley/gorunner/handlers/app_context.go:131.16,134.3 2 0
github.com/jcarley/gorunner/handlers/app_context.go:136.22,139.3 2 0
github.com/jcarley/gorunner/handlers/job_handlers.go:10.39,13.2 2 1
github.com/jcarley/gorunner/handlers/job_handlers.go:15.37,22.16 4 2
github.com/jcarley/gorunner/handlers/job_handlers.go:26.2,26.29 1 2
github.com/jcarley/gorunner/handlers/job_handlers.go:22.16,25.3 2 0
github.com/jcarley/gorunner/handlers/job_handlers.go:29.37,34.16 4 0
github.com/jcarley/gorunner/handlers/job_handlers.go:39.2,39.25 1 0
github.com/jcarley/gorunner/handlers/job_handlers.go:34.16,37.3 2 0
github.com/jcarley/gorunner/handlers/job_handlers.go:42.40,49.16 5 0
github.com/jcarley/gorunner/handlers/job_handlers.go:49.16,52.3 2 0
github.com/jcarley/gorunner/handlers/job_handlers.go:55.43,61.16 4 1
github.com/jcarley/gorunner/handlers/job_handlers.go:66.2,70.29 4 1
github.com/jcarley/gorunner/handlers/job_handlers.go:61.16,64.3 2 0
github.com/jcarley/gorunner/handlers/job_handlers.go:73.48,80.16 5 1
github.com/jcarley/gorunner/handlers/job_handlers.go:80.16,83.3 2 0
github.com/jcarley/gorunner/handlers/job_handlers.go:86.46,92.16 4 1
github.com/jcarley/gorunner/handlers/job_handlers.go:97.2,101.29 4 1
github.com/jcarley/gorunner/handlers/job_handlers.go:92.16,95.3 2 0
github.com/jcarley/gorunner/handlers/job_handlers.go:104.51,111.16 5 1
github.com/jcarley/gorunner/handlers/job_handlers.go:111.16,114.3 2 0
