mode: atomic
github.com/jcarley/gorunner/models/job_task.go:16.58,20.2 3 0
github.com/jcarley/gorunner/models/job_task.go:22.58,25.2 2 0
github.com/jcarley/gorunner/models/triggers.go:19.30,21.2 1 1
github.com/jcarley/gorunner/models/triggers.go:23.58,27.2 3 0
github.com/jcarley/gorunner/models/triggers.go:29.58,32.2 2 0
github.com/jcarley/gorunner/models/triggers.go:38.45,42.16 4 1
github.com/jcarley/gorunner/models/triggers.go:45.2,46.35 2 1
github.com/jcarley/gorunner/models/triggers.go:42.16,44.3 1 0
github.com/jcarley/gorunner/models/triggers.go:46.35,48.3 1 1
github.com/jcarley/gorunner/models/database.go:27.21,35.2 6 0
github.com/jcarley/gorunner/models/database.go:43.48,46.2 2 0
github.com/jcarley/gorunner/models/database.go:48.57,53.16 3 0
github.com/jcarley/gorunner/models/database.go:57.2,58.15 2 0
github.com/jcarley/gorunner/models/database.go:62.2,62.28 1 0
github.com/jcarley/gorunner/models/database.go:66.2,66.23 1 0
github.com/jcarley/gorunner/models/database.go:53.16,55.3 1 0
github.com/jcarley/gorunner/models/database.go:58.15,60.3 1 0
github.com/jcarley/gorunner/models/database.go:62.28,64.3 1 0
github.com/jcarley/gorunner/models/database.go:69.28,75.16 5 0
github.com/jcarley/gorunner/models/database.go:79.2,81.27 2 0
github.com/jcarley/gorunner/models/database.go:85.2,85.17 1 0
github.com/jcarley/gorunner/models/database.go:75.16,77.3 1 0
github.com/jcarley/gorunner/models/database.go:81.27,83.3 1 0
github.com/jcarley/gorunner/models/database.go:88.28,90.2 1 0
github.com/jcarley/gorunner/models/database.go:92.34,95.2 2 0
github.com/jcarley/gorunner/models/database.go:97.30,99.2 1 0
github.com/jcarley/gorunner/models/database.go:101.36,103.2 1 0
github.com/jcarley/gorunner/models/database.go:105.47,107.16 2 0
github.com/jcarley/gorunner/models/database.go:107.16,109.3 1 0
github.com/jcarley/gorunner/models/database.go:112.39,114.16 2 0
github.com/jcarley/gorunner/models/database.go:122.2,123.16 2 0
github.com/jcarley/gorunner/models/database.go:126.2,126.14 1 0
github.com/jcarley/gorunner/models/database.go:114.16,117.17 3 0
github.com/jcarley/gorunner/models/database.go:117.17,119.4 1 0
github.com/jcarley/gorunner/models/database.go:123.16,125.3 1 0
github.com/jcarley/gorunner/models/database.go:133.38,135.2 1 0
github.com/jcarley/gorunner/models/db_context.go:18.32,35.2 12 1
github.com/jcarley/gorunner/models/db_context.go:37.40,38.16 1 4
github.com/jcarley/gorunner/models/db_context.go:38.16,40.3 1 0
github.com/jcarley/gorunner/models/db_context.go:43.43,52.2 6 1
github.com/jcarley/gorunner/models/db_context.go:54.47,59.2 4 1
github.com/jcarley/gorunner/models/db_context.go:61.34,67.2 4 0
github.com/jcarley/gorunner/models/job.go:22.54,26.2 3 0
github.com/jcarley/gorunner/models/job.go:28.54,31.2 2 0
github.com/jcarley/gorunner/models/job.go:33.26,35.2 1 1
github.com/jcarley/gorunner/models/job.go:37.46,38.39 1 0
github.com/jcarley/gorunner/models/job.go:38.39,40.3 1 0
github.com/jcarley/gorunner/models/job.go:43.45,47.16 3 0
github.com/jcarley/gorunner/models/job.go:51.2,53.27 2 0
github.com/jcarley/gorunner/models/job.go:57.2,57.17 1 0
github.com/jcarley/gorunner/models/job.go:47.16,49.3 1 0
github.com/jcarley/gorunner/models/job.go:53.27,55.3 1 0
github.com/jcarley/gorunner/models/job.go:60.57,62.97 2 0
github.com/jcarley/gorunner/models/job.go:66.2,66.18 1 0
github.com/jcarley/gorunner/models/job.go:62.97,64.3 1 0
github.com/jcarley/gorunner/models/job.go:69.53,70.39 1 0
github.com/jcarley/gorunner/models/job.go:70.39,71.92 1 0
github.com/jcarley/gorunner/models/job.go:74.3,74.13 1 0
github.com/jcarley/gorunner/models/job.go:71.92,73.4 1 0
github.com/jcarley/gorunner/models/job.go:78.63,79.39 1 0
github.com/jcarley/gorunner/models/job.go:79.39,81.58 2 0
github.com/jcarley/gorunner/models/job.go:84.3,84.13 1 0
github.com/jcarley/gorunner/models/job.go:81.58,83.4 1 0
github.com/jcarley/gorunner/models/job.go:88.70,89.39 1 0
github.com/jcarley/gorunner/models/job.go:89.39,91.61 2 0
github.com/jcarley/gorunner/models/job.go:94.3,94.13 1 0
github.com/jcarley/gorunner/models/job.go:91.61,93.4 1 0
github.com/jcarley/gorunner/models/job.go:98.69,99.39 1 0
github.com/jcarley/gorunner/models/job.go:99.39,101.61 2 0
github.com/jcarley/gorunner/models/job.go:104.3,104.13 1 0
github.com/jcarley/gorunner/models/job.go:101.61,103.4 1 0
github.com/jcarley/gorunner/models/job.go:108.76,109.39 1 0
github.com/jcarley/gorunner/models/job.go:109.39,111.64 2 0
github.com/jcarley/gorunner/models/job.go:114.3,114.13 1 0
github.com/jcarley/gorunner/models/job.go:111.64,113.4 1 0
github.com/jcarley/gorunner/models/job.go:122.26,126.16 4 0
github.com/jcarley/gorunner/models/job.go:129.2,130.27 2 0
github.com/jcarley/gorunner/models/job.go:126.16,128.3 1 0
github.com/jcarley/gorunner/models/job.go:130.27,132.3 1 0
github.com/jcarley/gorunner/models/job.go:135.71,137.31 2 0
github.com/jcarley/gorunner/models/job.go:145.2,145.8 1 0
github.com/jcarley/gorunner/models/job.go:137.31,139.40 2 0
github.com/jcarley/gorunner/models/job.go:139.40,140.30 1 0
github.com/jcarley/gorunner/models/job.go:140.30,142.5 1 0
github.com/jcarley/gorunner/models/job.go:148.65,150.31 2 0
github.com/jcarley/gorunner/models/job.go:158.2,158.8 1 0
github.com/jcarley/gorunner/models/job.go:150.31,152.34 2 0
github.com/jcarley/gorunner/models/job.go:152.34,153.24 1 0
github.com/jcarley/gorunner/models/job.go:153.24,155.5 1 0
github.com/jcarley/gorunner/models/runs.go:33.26,35.2 1 0
github.com/jcarley/gorunner/models/runs.go:41.26,45.16 4 0
github.com/jcarley/gorunner/models/runs.go:48.2,49.27 2 0
github.com/jcarley/gorunner/models/runs.go:45.16,47.3 1 0
github.com/jcarley/gorunner/models/runs.go:49.27,51.3 1 0
github.com/jcarley/gorunner/models/runs.go:54.29,59.2 3 0
github.com/jcarley/gorunner/models/runs.go:61.39,66.2 3 0
github.com/jcarley/gorunner/models/runs.go:68.34,73.2 3 0
github.com/jcarley/gorunner/models/runs.go:75.60,77.18 2 0
github.com/jcarley/gorunner/models/runs.go:91.2,91.13 1 0
github.com/jcarley/gorunner/models/runs.go:77.18,78.26 1 0
github.com/jcarley/gorunner/models/runs.go:81.3,81.48 1 0
github.com/jcarley/gorunner/models/runs.go:78.26,80.4 1 0
github.com/jcarley/gorunner/models/runs.go:81.48,83.4 1 0
github.com/jcarley/gorunner/models/runs.go:83.5,85.4 1 0
github.com/jcarley/gorunner/models/runs.go:86.4,87.19 1 0
github.com/jcarley/gorunner/models/runs.go:87.19,89.4 1 0
github.com/jcarley/gorunner/models/runs.go:94.68,97.31 3 0
github.com/jcarley/gorunner/models/runs.go:102.2,102.11 1 0
github.com/jcarley/gorunner/models/runs.go:105.2,111.12 6 0
github.com/jcarley/gorunner/models/runs.go:97.31,98.31 1 0
github.com/jcarley/gorunner/models/runs.go:98.31,100.4 1 0
github.com/jcarley/gorunner/models/runs.go:102.11,104.3 1 0
github.com/jcarley/gorunner/models/runs.go:114.35,116.31 2 0
github.com/jcarley/gorunner/models/runs.go:154.2,158.16 5 0
github.com/jcarley/gorunner/models/runs.go:161.2,164.14 4 0
github.com/jcarley/gorunner/models/runs.go:116.31,124.17 7 0
github.com/jcarley/gorunner/models/runs.go:128.3,129.17 2 0
github.com/jcarley/gorunner/models/runs.go:134.3,138.37 4 0
github.com/jcarley/gorunner/models/runs.go:142.3,143.36 2 0
github.com/jcarley/gorunner/models/runs.go:147.3,148.17 2 0
github.com/jcarley/gorunner/models/runs.go:152.3,152.15 1 0
github.com/jcarley/gorunner/models/runs.go:124.17,127.4 2 0
github.com/jcarley/gorunner/models/runs.go:129.17,133.4 3 0
github.com/jcarley/gorunner/models/runs.go:138.37,141.4 2 0
github.com/jcarley/gorunner/models/runs.go:143.36,146.4 2 0
github.com/jcarley/gorunner/models/runs.go:148.17,151.4 2 0
github.com/jcarley/gorunner/models/runs.go:158.16,160.3 1 0
github.com/jcarley/gorunner/models/runs.go:167.103,171.41 4 0
github.com/jcarley/gorunner/models/runs.go:171.41,172.10 1 0
github.com/jcarley/gorunner/models/runs.go:173.3,174.10 1 0
github.com/jcarley/gorunner/models/runs.go:179.3,180.10 1 0
github.com/jcarley/gorunner/models/runs.go:174.10,176.5 1 0
github.com/jcarley/gorunner/models/runs.go:176.6,178.5 1 0
github.com/jcarley/gorunner/models/runs.go:180.10,182.5 1 0
github.com/jcarley/gorunner/models/runs.go:182.6,184.5 1 0
github.com/jcarley/gorunner/models/runs.go:189.55,191.12 2 0
github.com/jcarley/gorunner/models/runs.go:203.2,203.14 1 0
github.com/jcarley/gorunner/models/runs.go:191.12,196.22 4 0
github.com/jcarley/gorunner/models/runs.go:199.3,199.39 1 0
github.com/jcarley/gorunner/models/runs.go:196.22,198.4 1 0
github.com/jcarley/gorunner/models/runs.go:199.39,201.4 1 0
github.com/jcarley/gorunner/models/runs.go:206.68,214.16 8 0
github.com/jcarley/gorunner/models/runs.go:217.2,220.8 4 0
github.com/jcarley/gorunner/models/runs.go:214.16,216.3 1 0
github.com/jcarley/gorunner/models/runs.go:223.34,225.17 2 0
github.com/jcarley/gorunner/models/runs.go:228.2,228.20 1 0
github.com/jcarley/gorunner/models/runs.go:225.17,227.3 1 0
github.com/jcarley/gorunner/models/tasks.go:20.27,22.2 1 1
github.com/jcarley/gorunner/models/tasks.go:24.55,28.2 3 0
github.com/jcarley/gorunner/models/tasks.go:30.55,33.2 2 0
github.com/jcarley/gorunner/models/tasks.go:35.60,37.100 2 0
github.com/jcarley/gorunner/models/tasks.go:41.2,41.19 1 0
github.com/jcarley/gorunner/models/tasks.go:37.100,39.3 1 0
github.com/jcarley/gorunner/models/tasks.go:44.49,45.39 1 0
github.com/jcarley/gorunner/models/tasks.go:45.39,47.3 1 0
github.com/jcarley/gorunner/models/tasks.go:50.52,51.39 1 0
github.com/jcarley/gorunner/models/tasks.go:51.39,52.58 1 0
github.com/jcarley/gorunner/models/tasks.go:55.3,55.13 1 0
github.com/jcarley/gorunner/models/tasks.go:52.58,54.4 1 0
github.com/jcarley/gorunner/models/tasks.go:59.47,63.16 3 0
github.com/jcarley/gorunner/models/tasks.go:67.2,69.29 2 0
github.com/jcarley/gorunner/models/tasks.go:73.2,73.18 1 0
github.com/jcarley/gorunner/models/tasks.go:63.16,65.3 1 0
github.com/jcarley/gorunner/models/tasks.go:69.29,71.3 1 0
github.com/jcarley/gorunner/models/tasks.go:80.42,84.16 4 1
github.com/jcarley/gorunner/models/tasks.go:87.2,88.29 2 1
github.com/jcarley/gorunner/models/tasks.go:84.16,86.3 1 0
github.com/jcarley/gorunner/models/tasks.go:88.29,90.3 1 1
github.com/jcarley/gorunner/models/job_trigger.go:16.61,20.2 3 0
github.com/jcarley/gorunner/models/job_trigger.go:22.61,25.2 2 0
github.com/jcarley/gorunner/models/list.go:22.50,26.31 3 0
github.com/jcarley/gorunner/models/list.go:31.2,31.67 1 0
github.com/jcarley/gorunner/models/list.go:26.31,27.19 1 0
github.com/jcarley/gorunner/models/list.go:27.19,29.4 1 0
github.com/jcarley/gorunner/models/list.go:34.42,40.16 5 0
github.com/jcarley/gorunner/models/list.go:44.2,46.12 3 0
github.com/jcarley/gorunner/models/list.go:40.16,42.3 1 0
github.com/jcarley/gorunner/models/list.go:49.42,53.18 3 0
github.com/jcarley/gorunner/models/list.go:57.2,58.16 2 0
github.com/jcarley/gorunner/models/list.go:61.2,63.12 3 0
github.com/jcarley/gorunner/models/list.go:53.18,55.3 1 0
github.com/jcarley/gorunner/models/list.go:58.16,60.3 1 0
github.com/jcarley/gorunner/models/list.go:66.40,73.34 6 0
github.com/jcarley/gorunner/models/list.go:79.2,79.12 1 0
github.com/jcarley/gorunner/models/list.go:82.2,84.12 3 0
github.com/jcarley/gorunner/models/list.go:73.34,74.23 1 0
github.com/jcarley/gorunner/models/list.go:74.23,76.9 2 0
github.com/jcarley/gorunner/models/list.go:79.12,81.3 1 0
github.com/jcarley/gorunner/models/list.go:87.30,92.2 3 0
github.com/jcarley/gorunner/models/list.go:94.22,96.2 1 0
github.com/jcarley/gorunner/models/list.go:98.30,100.16 2 2
github.com/jcarley/gorunner/models/list.go:103.2,103.14 1 2
github.com/jcarley/gorunner/models/list.go:100.16,102.3 1 0
github.com/jcarley/gorunner/models/list.go:106.43,107.31 1 0
github.com/jcarley/gorunner/models/list.go:112.2,112.36 1 0
github.com/jcarley/gorunner/models/list.go:107.31,108.19 1 0
github.com/jcarley/gorunner/models/list.go:108.19,110.4 1 0
github.com/jcarley/gorunner/models/output_holder.go:11.59,13.2 1 0
github.com/jcarley/gorunner/models/output_holder.go:15.62,17.50 2 0
github.com/jcarley/gorunner/models/output_holder.go:20.3,22.13 3 0
github.com/jcarley/gorunner/models/output_holder.go:17.50,19.4 1 0
github.com/jcarley/gorunner/models/output_holder.go:25.64,27.2 1 0
github.com/jcarley/gorunner/models/output_holder.go:29.37,31.2 1 0
github.com/jcarley/gorunner/models/output_holder.go:33.45,35.2 1 0
